<?xml version="1.0" encoding="UTF-8"?>
<testsuite name="com.example.exerciseboard.ExerciseBoardApplicationTests" tests="1" skipped="0" failures="0" errors="0" timestamp="2024-10-15T04:40:20" hostname="DESKTOP-DQ8ONB9" time="0.239">
  <properties/>
  <testcase name="contextLoads()" classname="com.example.exerciseboard.ExerciseBoardApplicationTests" time="0.239"/>
  <system-out><![CDATA[13:40:18.197 [Test worker] INFO org.springframework.test.context.support.AnnotationConfigContextLoaderUtils -- Could not detect default configuration classes for test class [com.example.exerciseboard.ExerciseBoardApplicationTests]: ExerciseBoardApplicationTests does not declare any static, non-private, non-final, nested classes annotated with @Configuration.
13:40:18.249 [Test worker] INFO org.springframework.boot.test.context.SpringBootTestContextBootstrapper -- Found @SpringBootConfiguration com.example.exerciseboard.ExerciseBoardApplication for test class com.example.exerciseboard.ExerciseBoardApplicationTests

  .   ____          _            __ _ _
 /\\ / ___'_ __ _ _(_)_ __  __ _ \ \ \ \
( ( )\___ | '_ | '_| | '_ \/ _` | \ \ \ \
 \\/  ___)| |_)| | | | | || (_| |  ) ) ) )
  '  |____| .__|_| |_|_| |_\__, | / / / /
 =========|_|==============|___/=/_/_/_/

 :: Spring Boot ::                (v3.3.4)

2024-10-15T13:40:18.450+09:00  INFO 8732 --- [    Test worker] c.e.e.ExerciseBoardApplicationTests      : Starting ExerciseBoardApplicationTests using Java 17.0.12 with PID 8732 (started by win11 in C:\Users\win11\Desktop\data\projects\java\exerciseboard)
2024-10-15T13:40:18.450+09:00  INFO 8732 --- [    Test worker] c.e.e.ExerciseBoardApplicationTests      : No active profile set, falling back to 1 default profile: "default"
2024-10-15T13:40:18.758+09:00  INFO 8732 --- [    Test worker] .s.d.r.c.RepositoryConfigurationDelegate : Bootstrapping Spring Data JPA repositories in DEFAULT mode.
2024-10-15T13:40:18.790+09:00  INFO 8732 --- [    Test worker] .s.d.r.c.RepositoryConfigurationDelegate : Finished Spring Data repository scanning in 27 ms. Found 2 JPA repository interfaces.
2024-10-15T13:40:19.048+09:00  INFO 8732 --- [    Test worker] o.hibernate.jpa.internal.util.LogHelper  : HHH000204: Processing PersistenceUnitInfo [name: default]
2024-10-15T13:40:19.080+09:00  INFO 8732 --- [    Test worker] org.hibernate.Version                    : HHH000412: Hibernate ORM core version 6.5.3.Final
2024-10-15T13:40:19.095+09:00  INFO 8732 --- [    Test worker] o.h.c.internal.RegionFactoryInitiator    : HHH000026: Second-level cache disabled
2024-10-15T13:40:19.286+09:00  INFO 8732 --- [    Test worker] o.s.o.j.p.SpringPersistenceUnitInfo      : No LoadTimeWeaver setup: ignoring JPA class transformer
2024-10-15T13:40:19.306+09:00  INFO 8732 --- [    Test worker] com.zaxxer.hikari.HikariDataSource       : HikariPool-1 - Starting...
2024-10-15T13:40:19.392+09:00  INFO 8732 --- [    Test worker] com.zaxxer.hikari.pool.HikariPool        : HikariPool-1 - Added connection conn0: url=jdbc:h2:mem:exerciseboarddb user=SA
2024-10-15T13:40:19.392+09:00  INFO 8732 --- [    Test worker] com.zaxxer.hikari.HikariDataSource       : HikariPool-1 - Start completed.
2024-10-15T13:40:19.413+09:00  WARN 8732 --- [    Test worker] org.hibernate.orm.deprecation            : HHH90000025: H2Dialect does not need to be specified explicitly using 'hibernate.dialect' (remove the property setting and it will be selected by default)
2024-10-15T13:40:19.851+09:00  INFO 8732 --- [    Test worker] o.h.e.t.j.p.i.JtaPlatformInitiator       : HHH000489: No JTA platform available (set 'hibernate.transaction.jta.platform' to enable JTA platform integration)
2024-10-15T13:40:19.882+09:00  INFO 8732 --- [    Test worker] j.LocalContainerEntityManagerFactoryBean : Initialized JPA EntityManagerFactory for persistence unit 'default'
2024-10-15T13:40:20.065+09:00  WARN 8732 --- [    Test worker] JpaBaseConfiguration$JpaWebConfiguration : spring.jpa.open-in-view is enabled by default. Therefore, database queries may be performed during view rendering. Explicitly configure spring.jpa.open-in-view to disable this warning
2024-10-15T13:40:20.081+09:00  WARN 8732 --- [    Test worker] r$InitializeUserDetailsManagerConfigurer : Found 2 UserDetailsService beans, with names [customUserDetailsService, userService]. Global Authentication Manager will not use a UserDetailsService for username/password login. Consider publishing a single UserDetailsService bean.
2024-10-15T13:40:20.123+09:00  INFO 8732 --- [    Test worker] o.s.b.a.w.s.WelcomePageHandlerMapping    : Adding welcome page template: index
2024-10-15T13:40:20.382+09:00  INFO 8732 --- [    Test worker] o.s.b.a.h2.H2ConsoleAutoConfiguration    : H2 console available at '/h2-console'. Database available at 'jdbc:h2:mem:exerciseboarddb'
2024-10-15T13:40:20.432+09:00  INFO 8732 --- [    Test worker] c.e.e.ExerciseBoardApplicationTests      : Started ExerciseBoardApplicationTests in 2.089 seconds (process running for 2.691)
]]></system-out>
  <system-err><![CDATA[]]></system-err>
</testsuite>
